2024-11-17 17:41:49,177 - ERROR - TimeoutException occurred, returning to home page then refreshing page.
Traceback (most recent call last):
  File "g:\My Drive\Aviator\source codes\project_expo_jumper\multipliers_collector\base _multilier_collector_1.0.py", line 172, in main
    first_multiplier_div = WebDriverWait(driver, 10).until(
                           ^^^^^^^^^^^^^^^^^^^^^^^^^^^^^^^^
  File "C:\Users\Msi\AppData\Roaming\Python\Python312\site-packages\selenium\webdriver\support\wait.py", line 105, in until
    raise TimeoutException(message, screen, stacktrace)
selenium.common.exceptions.TimeoutException: Message: 
Stacktrace:
	GetHandleVerifier [0x00007FF60A9138A5+3004357]
	(No symbol) [0x00007FF60A5A9970]
	(No symbol) [0x00007FF60A45582A]
	(No symbol) [0x00007FF60A4A5B8E]
	(No symbol) [0x00007FF60A4A5E7C]
	(No symbol) [0x00007FF60A4EEC27]
	(No symbol) [0x00007FF60A4CBC1F]
	(No symbol) [0x00007FF60A4EBA4C]
	(No symbol) [0x00007FF60A4CB983]
	(No symbol) [0x00007FF60A497628]
	(No symbol) [0x00007FF60A498791]
	GetHandleVerifier [0x00007FF60A93A00D+3161901]
	GetHandleVerifier [0x00007FF60A98E060+3506048]
	GetHandleVerifier [0x00007FF60A98400D+3465005]
	GetHandleVerifier [0x00007FF60A700EEB+830987]
	(No symbol) [0x00007FF60A5B467F]
	(No symbol) [0x00007FF60A5B09D4]
	(No symbol) [0x00007FF60A5B0B6D]
	(No symbol) [0x00007FF60A5A0149]
	BaseThreadInitThunk [0x00007FFC281F259D+29]
	RtlUserThreadStart [0x00007FFC29B6AF38+40]

2024-11-17 17:42:41,592 - ERROR - TimeoutException occurred, returning to home page then refreshing page.
Traceback (most recent call last):
  File "g:\My Drive\Aviator\source codes\project_expo_jumper\multipliers_collector\base _multilier_collector_1.0.py", line 172, in main
    first_multiplier_div = WebDriverWait(driver, 10).until(
                           ^^^^^^^^^^^^^^^^^^^^^^^^^^^^^^^^
  File "C:\Users\Msi\AppData\Roaming\Python\Python312\site-packages\selenium\webdriver\support\wait.py", line 105, in until
    raise TimeoutException(message, screen, stacktrace)
selenium.common.exceptions.TimeoutException: Message: 
Stacktrace:
	GetHandleVerifier [0x00007FF60A9138A5+3004357]
	(No symbol) [0x00007FF60A5A9970]
	(No symbol) [0x00007FF60A45582A]
	(No symbol) [0x00007FF60A4A5B8E]
	(No symbol) [0x00007FF60A4A5E7C]
	(No symbol) [0x00007FF60A4EEC27]
	(No symbol) [0x00007FF60A4CBC1F]
	(No symbol) [0x00007FF60A4EBA4C]
	(No symbol) [0x00007FF60A4CB983]
	(No symbol) [0x00007FF60A497628]
	(No symbol) [0x00007FF60A498791]
	GetHandleVerifier [0x00007FF60A93A00D+3161901]
	GetHandleVerifier [0x00007FF60A98E060+3506048]
	GetHandleVerifier [0x00007FF60A98400D+3465005]
	GetHandleVerifier [0x00007FF60A700EEB+830987]
	(No symbol) [0x00007FF60A5B467F]
	(No symbol) [0x00007FF60A5B09D4]
	(No symbol) [0x00007FF60A5B0B6D]
	(No symbol) [0x00007FF60A5A0149]
	BaseThreadInitThunk [0x00007FFC281F259D+29]
	RtlUserThreadStart [0x00007FFC29B6AF38+40]

2024-11-17 17:43:26,428 - ERROR - WebDriverException occurred: Message: stale element reference: stale element not found in the current frame
  (Session info: chrome=130.0.6723.117); For documentation on this error, please visit: https://www.selenium.dev/documentation/webdriver/troubleshooting/errors#stale-element-reference-exception
Stacktrace:
	GetHandleVerifier [0x00007FF60A9138A5+3004357]
	(No symbol) [0x00007FF60A5A9970]
	(No symbol) [0x00007FF60A45582A]
	(No symbol) [0x00007FF60A45C2E2]
	(No symbol) [0x00007FF60A45E637]
	(No symbol) [0x00007FF60A45E6F0]
	(No symbol) [0x00007FF60A49FB2B]
	(No symbol) [0x00007FF60A4CBBDA]
	(No symbol) [0x00007FF60A4992A6]
	(No symbol) [0x00007FF60A4CBDF0]
	(No symbol) [0x00007FF60A4EBA4C]
	(No symbol) [0x00007FF60A4CB983]
	(No symbol) [0x00007FF60A497628]
	(No symbol) [0x00007FF60A498791]
	GetHandleVerifier [0x00007FF60A93A00D+3161901]
	GetHandleVerifier [0x00007FF60A98E060+3506048]
	GetHandleVerifier [0x00007FF60A98400D+3465005]
	GetHandleVerifier [0x00007FF60A700EEB+830987]
	(No symbol) [0x00007FF60A5B467F]
	(No symbol) [0x00007FF60A5B09D4]
	(No symbol) [0x00007FF60A5B0B6D]
	(No symbol) [0x00007FF60A5A0149]
	BaseThreadInitThunk [0x00007FFC281F259D+29]
	RtlUserThreadStart [0x00007FFC29B6AF38+40]
Traceback (most recent call last):
  File "g:\My Drive\Aviator\source codes\project_expo_jumper\multipliers_collector\base _multilier_collector_1.0.py", line 175, in main
    current_value = float(first_multiplier_div.text.strip()[:-1])
                          ^^^^^^^^^^^^^^^^^^^^^^^^^
  File "C:\Users\Msi\AppData\Roaming\Python\Python312\site-packages\selenium\webdriver\remote\webelement.py", line 90, in text
    return self._execute(Command.GET_ELEMENT_TEXT)["value"]
           ^^^^^^^^^^^^^^^^^^^^^^^^^^^^^^^^^^^^^^^
  File "C:\Users\Msi\AppData\Roaming\Python\Python312\site-packages\selenium\webdriver\remote\webelement.py", line 395, in _execute
    return self._parent.execute(command, params)
           ^^^^^^^^^^^^^^^^^^^^^^^^^^^^^^^^^^^^^
  File "C:\Users\Msi\AppData\Roaming\Python\Python312\site-packages\selenium\webdriver\remote\webdriver.py", line 347, in execute
    self.error_handler.check_response(response)
  File "C:\Users\Msi\AppData\Roaming\Python\Python312\site-packages\selenium\webdriver\remote\errorhandler.py", line 229, in check_response
    raise exception_class(message, screen, stacktrace)
selenium.common.exceptions.StaleElementReferenceException: Message: stale element reference: stale element not found in the current frame
  (Session info: chrome=130.0.6723.117); For documentation on this error, please visit: https://www.selenium.dev/documentation/webdriver/troubleshooting/errors#stale-element-reference-exception
Stacktrace:
	GetHandleVerifier [0x00007FF60A9138A5+3004357]
	(No symbol) [0x00007FF60A5A9970]
	(No symbol) [0x00007FF60A45582A]
	(No symbol) [0x00007FF60A45C2E2]
	(No symbol) [0x00007FF60A45E637]
	(No symbol) [0x00007FF60A45E6F0]
	(No symbol) [0x00007FF60A49FB2B]
	(No symbol) [0x00007FF60A4CBBDA]
	(No symbol) [0x00007FF60A4992A6]
	(No symbol) [0x00007FF60A4CBDF0]
	(No symbol) [0x00007FF60A4EBA4C]
	(No symbol) [0x00007FF60A4CB983]
	(No symbol) [0x00007FF60A497628]
	(No symbol) [0x00007FF60A498791]
	GetHandleVerifier [0x00007FF60A93A00D+3161901]
	GetHandleVerifier [0x00007FF60A98E060+3506048]
	GetHandleVerifier [0x00007FF60A98400D+3465005]
	GetHandleVerifier [0x00007FF60A700EEB+830987]
	(No symbol) [0x00007FF60A5B467F]
	(No symbol) [0x00007FF60A5B09D4]
	(No symbol) [0x00007FF60A5B0B6D]
	(No symbol) [0x00007FF60A5A0149]
	BaseThreadInitThunk [0x00007FFC281F259D+29]
	RtlUserThreadStart [0x00007FFC29B6AF38+40]

2024-11-17 17:44:45,616 - ERROR - TimeoutException occurred, returning to home page then refreshing page.
Traceback (most recent call last):
  File "g:\My Drive\Aviator\source codes\project_expo_jumper\multipliers_collector\base _multilier_collector_1.0.py", line 172, in main
    first_multiplier_div = WebDriverWait(driver, 10).until(
                           ^^^^^^^^^^^^^^^^^^^^^^^^^^^^^^^^
  File "C:\Users\Msi\AppData\Roaming\Python\Python312\site-packages\selenium\webdriver\support\wait.py", line 105, in until
    raise TimeoutException(message, screen, stacktrace)
selenium.common.exceptions.TimeoutException: Message: 
Stacktrace:
	GetHandleVerifier [0x00007FF60A9138A5+3004357]
	(No symbol) [0x00007FF60A5A9970]
	(No symbol) [0x00007FF60A45582A]
	(No symbol) [0x00007FF60A4A5B8E]
	(No symbol) [0x00007FF60A4A5E7C]
	(No symbol) [0x00007FF60A4EEC27]
	(No symbol) [0x00007FF60A4CBC1F]
	(No symbol) [0x00007FF60A4EBA4C]
	(No symbol) [0x00007FF60A4CB983]
	(No symbol) [0x00007FF60A497628]
	(No symbol) [0x00007FF60A498791]
	GetHandleVerifier [0x00007FF60A93A00D+3161901]
	GetHandleVerifier [0x00007FF60A98E060+3506048]
	GetHandleVerifier [0x00007FF60A98400D+3465005]
	GetHandleVerifier [0x00007FF60A700EEB+830987]
	(No symbol) [0x00007FF60A5B467F]
	(No symbol) [0x00007FF60A5B09D4]
	(No symbol) [0x00007FF60A5B0B6D]
	(No symbol) [0x00007FF60A5A0149]
	BaseThreadInitThunk [0x00007FFC281F259D+29]
	RtlUserThreadStart [0x00007FFC29B6AF38+40]

2024-11-17 17:45:34,439 - ERROR - TimeoutException occurred, returning to home page then refreshing page.
Traceback (most recent call last):
  File "g:\My Drive\Aviator\source codes\project_expo_jumper\multipliers_collector\base _multilier_collector_1.0.py", line 172, in main
    first_multiplier_div = WebDriverWait(driver, 10).until(
                           ^^^^^^^^^^^^^^^^^^^^^^^^^^^^^^^^
  File "C:\Users\Msi\AppData\Roaming\Python\Python312\site-packages\selenium\webdriver\support\wait.py", line 105, in until
    raise TimeoutException(message, screen, stacktrace)
selenium.common.exceptions.TimeoutException: Message: 
Stacktrace:
	GetHandleVerifier [0x00007FF60A9138A5+3004357]
	(No symbol) [0x00007FF60A5A9970]
	(No symbol) [0x00007FF60A45582A]
	(No symbol) [0x00007FF60A4A5B8E]
	(No symbol) [0x00007FF60A4A5E7C]
	(No symbol) [0x00007FF60A4EEC27]
	(No symbol) [0x00007FF60A4CBC1F]
	(No symbol) [0x00007FF60A4EBA4C]
	(No symbol) [0x00007FF60A4CB983]
	(No symbol) [0x00007FF60A497628]
	(No symbol) [0x00007FF60A498791]
	GetHandleVerifier [0x00007FF60A93A00D+3161901]
	GetHandleVerifier [0x00007FF60A98E060+3506048]
	GetHandleVerifier [0x00007FF60A98400D+3465005]
	GetHandleVerifier [0x00007FF60A700EEB+830987]
	(No symbol) [0x00007FF60A5B467F]
	(No symbol) [0x00007FF60A5B09D4]
	(No symbol) [0x00007FF60A5B0B6D]
	(No symbol) [0x00007FF60A5A0149]
	BaseThreadInitThunk [0x00007FFC281F259D+29]
	RtlUserThreadStart [0x00007FFC29B6AF38+40]

2024-11-17 17:58:06,208 - ERROR - Browser window closed unexpectedly.
NoneType: None
